C251 COMPILER V5.60.0,  stc32_it                                                           29/10/24  08:37:09  PAGE 1   


C251 COMPILER V5.60.0, COMPILATION OF MODULE stc32_it
OBJECT MODULE PLACED IN .\Output\stc32_it.obj
COMPILER INVOKED BY: D:\Program Files\keil5\C251\BIN\C251.EXE Src\stc32_it.c XSMALL BROWSE INCDIR(..\COMM;.\base;.\base\
                    -LCD;.\middle\LCDapp;.\base\adc;.\base\KEY;.\base\TIME;.\Src;.\middle\Adjust;.\Src;.\middle\WAVE;.\base\SPI;.\base\PWM;.\
                    -base\BUZZER;.\middle\ALARM;.\middle\MENU;.\Driver\inc) DEBUG PRINT(.\Listings\stc32_it.lst) TABS(2) OBJECT(.\Output\stc3
                    -2_it.obj) 

stmt  level    source

    1          /**
    2            ******************************************************************************
    3            * @file    py32f0xx_it.c
    4            * @author  MCU Application Team
    5            * @brief   Interrupt Service Routines.
    6            ******************************************************************************
    7            * @attention
    8            *
    9            * <h2><center>&copy; Copyright (c) Puya Semiconductor Co.
   10            * All rights reserved.</center></h2>
   11            *
   12            * <h2><center>&copy; Copyright (c) 2016 STMicroelectronics.
   13            * All rights reserved.</center></h2>
   14            *
   15            * This software component is licensed by ST under BSD 3-Clause license,
   16            * the "License"; You may not use this file except in compliance with the
   17            * License. You may obtain a copy of the License at:
   18            *                        opensource.org/licenses/BSD-3-Clause
   19            *
   20            ******************************************************************************
   21            */
   22          
   23          /* Includes ------------------------------------------------------------------*/
   24          #include "main.h"
   25          #include "stc32_it.h"
   26          /* Private includes ----------------------------------------------------------*/
   27          
   28          /* Private typedef -----------------------------------------------------------*/
   29          
   30          /* Private define ------------------------------------------------------------*/
   31          
   32          /* Private macro -------------------------------------------------------------*/
   33          
   34          /* Private variables ---------------------------------------------------------*/
   35          
   36          /* Private function prototypes -----------------------------------------------*/
   37          
   38          /* Private user code ---------------------------------------------------------*/
   39          
   40          /* External variables --------------------------------------------------------*/
   41          
   42          /******************************************************************************/
   43          /*           Cortex-M0+ Processor Interruption and Exception Handlers         */
   44          /******************************************************************************/
   45          
   46          
   47          /******************************************************************************/
   48          /* Add here the Interrupt Handlers for the used peripherals.                  */
   49          /* For the available peripheral interrupt handler names,                      */
   50          /* please refer to the startup file (startup_py32f003xx.s).                   */
   51          /******************************************************************************/
   52          //========================================================================
   53          // 函数: void timer0_int (void) interrupt TIMER0_VECTOR
   54          // 描述:  timer0中断函数.
   55          // 参数: none.
   56          // 返回: none.
C251 COMPILER V5.60.0,  stc32_it                                                           29/10/24  08:37:09  PAGE 2   

   57          // 版本: V1.0, 2015-1-12
   58          //========================================================================
   59          void timer0_int (void) interrupt 1
   60          {
   61   1      
   62   1        unsigned char i;
   63   1          for (i = 0; i < NumOfTask; i++)
   64   1          {
   65   2            if (Task_Delay[i])
   66   2            {
   67   3              Task_Delay[i]--;
   68   3            }
   69   2          }
   70   1          APP_UpdateCallback();
   71   1      }
   72          
   73          
   74          /************************ (C) COPYRIGHT Puya *****END OF FILE****/


Module Information          Static   Overlayable
------------------------------------------------
  code size            =        78     ------
  ecode size           =    ------     ------
  data size            =    ------     ------
  idata size           =    ------     ------
  pdata size           =    ------     ------
  xdata size           =    ------     ------
  xdata-const size     =    ------     ------
  edata size           =    ------     ------
  bit size             =    ------     ------
  ebit size            =    ------     ------
  bitaddressable size  =    ------     ------
  ebitaddressable size =    ------     ------
  far data size        =    ------     ------
  huge data size       =    ------     ------
  const size           =    ------     ------
  hconst size          =    ------     ------
End of Module Information.


C251 COMPILATION COMPLETE.  0 WARNING(S),  0 ERROR(S)
